2023-08-23T12:12:55.398Z  INFO DESKTOP-JQ22B4E 10764 --- [main] org.example.Application                  : Starting Application v0.0.1-SNAPSHOT using Java 19.0.2 with PID 10764 (C:\IntelliJ IDEA Community Edition 2023.2\Workspace\LoggingDetails\target\news-0.0.1-SNAPSHOT.jar started by fatima.noor in C:\IntelliJ IDEA Community Edition 2023.2\Workspace\LoggingDetails\target)
2023-08-23T12:12:55.400Z  INFO DESKTOP-JQ22B4E 10764 --- [main] org.example.Application                  : No active profile set, falling back to 1 default profile: "default"
2023-08-23T12:12:56.090Z  INFO DESKTOP-JQ22B4E 10764 --- [main] .s.d.r.c.RepositoryConfigurationDelegate : Bootstrapping Spring Data JPA repositories in DEFAULT mode.
2023-08-23T12:12:56.154Z  INFO DESKTOP-JQ22B4E 10764 --- [main] .s.d.r.c.RepositoryConfigurationDelegate : Finished Spring Data repository scanning in 54 ms. Found 1 JPA repository interfaces.
2023-08-23T12:12:56.813Z  INFO DESKTOP-JQ22B4E 10764 --- [main] o.s.b.w.embedded.tomcat.TomcatWebServer  : Tomcat initialized with port(s): 9090 (http)
2023-08-23T12:12:56.823Z  INFO DESKTOP-JQ22B4E 10764 --- [main] o.apache.catalina.core.StandardService   : Starting service [Tomcat]
2023-08-23T12:12:56.824Z  INFO DESKTOP-JQ22B4E 10764 --- [main] o.apache.catalina.core.StandardEngine    : Starting Servlet engine: [Apache Tomcat/10.1.11]
2023-08-23T12:12:56.899Z  INFO DESKTOP-JQ22B4E 10764 --- [main] o.a.c.c.C.[Tomcat].[localhost].[/]       : Initializing Spring embedded WebApplicationContext
2023-08-23T12:12:56.899Z  INFO DESKTOP-JQ22B4E 10764 --- [main] w.s.c.ServletWebServerApplicationContext : Root WebApplicationContext: initialization completed in 1443 ms
2023-08-23T12:12:56.939Z  INFO DESKTOP-JQ22B4E 10764 --- [main] com.zaxxer.hikari.HikariDataSource       : HikariPool-1 - Starting...
2023-08-23T12:12:57.151Z  INFO DESKTOP-JQ22B4E 10764 --- [main] com.zaxxer.hikari.pool.HikariPool        : HikariPool-1 - Added connection conn0: url=jdbc:h2:mem:4fc714dc-a2ac-4ad7-9e4a-2b55b68ed53d user=SA
2023-08-23T12:12:57.154Z  INFO DESKTOP-JQ22B4E 10764 --- [main] com.zaxxer.hikari.HikariDataSource       : HikariPool-1 - Start completed.
2023-08-23T12:12:57.166Z  INFO DESKTOP-JQ22B4E 10764 --- [main] o.s.b.a.h2.H2ConsoleAutoConfiguration    : H2 console available at '/h2-console'. Database available at 'jdbc:h2:mem:4fc714dc-a2ac-4ad7-9e4a-2b55b68ed53d'
2023-08-23T12:12:57.347Z  INFO DESKTOP-JQ22B4E 10764 --- [main] liquibase.database                       : Set default schema name to PUBLIC
2023-08-23T12:12:57.727Z  INFO DESKTOP-JQ22B4E 10764 --- [main] liquibase.executor                       : Changelog query completed.
2023-08-23T12:12:57.731Z  INFO DESKTOP-JQ22B4E 10764 --- [main] liquibase.executor                       : Changelog query completed.
2023-08-23T12:12:57.737Z  INFO DESKTOP-JQ22B4E 10764 --- [main] liquibase.executor                       : Changelog query completed.
2023-08-23T12:12:57.741Z  INFO DESKTOP-JQ22B4E 10764 --- [main] liquibase.executor                       : Changelog query completed.
2023-08-23T12:12:57.746Z  INFO DESKTOP-JQ22B4E 10764 --- [main] liquibase.executor                       : Changelog query completed.
2023-08-23T12:12:57.747Z  INFO DESKTOP-JQ22B4E 10764 --- [main] liquibase.lockservice                    : Successfully acquired change log lock
2023-08-23T12:12:57.768Z  INFO DESKTOP-JQ22B4E 10764 --- [main] liquibase.changelog                      : Creating database history table with name: PUBLIC.DATABASECHANGELOG
2023-08-23T12:12:57.772Z  INFO DESKTOP-JQ22B4E 10764 --- [main] liquibase.executor                       : Changelog query completed.
2023-08-23T12:12:57.775Z  INFO DESKTOP-JQ22B4E 10764 --- [main] liquibase.changelog                      : Reading from PUBLIC.DATABASECHANGELOG
2023-08-23T12:12:57.778Z  INFO DESKTOP-JQ22B4E 10764 --- [main] liquibase.executor                       : Changelog query completed.
2023-08-23T12:12:57.780Z  INFO DESKTOP-JQ22B4E 10764 --- [main] liquibase.executor                       : Changelog query completed.
2023-08-23T12:12:57.822Z  INFO DESKTOP-JQ22B4E 10764 --- [main] liquibase.changelog                      : Table news created
2023-08-23T12:12:57.825Z  INFO DESKTOP-JQ22B4E 10764 --- [main] liquibase.changelog                      : Primary key added to news (id)
2023-08-23T12:12:57.826Z  INFO DESKTOP-JQ22B4E 10764 --- [main] liquibase.changelog                      : ChangeSet db/changelog/db.changelog-schema-0.0.1.yaml::schema-0.0.1::news team ran successfully in 6ms
2023-08-23T12:12:57.829Z  INFO DESKTOP-JQ22B4E 10764 --- [main] liquibase.executor                       : Changelog query completed.
2023-08-23T12:12:57.831Z  INFO DESKTOP-JQ22B4E 10764 --- [main] liquibase.executor                       : Changelog query completed.
2023-08-23T12:12:57.839Z  INFO DESKTOP-JQ22B4E 10764 --- [main] liquibase.changelog                      : New row inserted into news
2023-08-23T12:12:57.843Z  INFO DESKTOP-JQ22B4E 10764 --- [main] liquibase.changelog                      : New row inserted into news
2023-08-23T12:12:57.844Z  INFO DESKTOP-JQ22B4E 10764 --- [main] liquibase.changelog                      : ChangeSet db/changelog/db.changelog-data-0.0.1.yaml::data-0.0.1::news team ran successfully in 10ms
2023-08-23T12:12:57.845Z  INFO DESKTOP-JQ22B4E 10764 --- [main] liquibase.executor                       : Changelog query completed.
2023-08-23T12:12:57.847Z  INFO DESKTOP-JQ22B4E 10764 --- [main] liquibase                                : Update command completed successfully.
2023-08-23T12:12:57.850Z  INFO DESKTOP-JQ22B4E 10764 --- [main] liquibase.executor                       : Changelog query completed.
2023-08-23T12:12:57.851Z  INFO DESKTOP-JQ22B4E 10764 --- [main] liquibase.lockservice                    : Successfully released change log lock
2023-08-23T12:12:57.931Z  INFO DESKTOP-JQ22B4E 10764 --- [main] o.hibernate.jpa.internal.util.LogHelper  : HHH000204: Processing PersistenceUnitInfo [name: default]
2023-08-23T12:12:57.986Z  INFO DESKTOP-JQ22B4E 10764 --- [main] org.hibernate.Version                    : HHH000412: Hibernate ORM core version 6.2.6.Final
2023-08-23T12:12:57.989Z  INFO DESKTOP-JQ22B4E 10764 --- [main] org.hibernate.cfg.Environment            : HHH000406: Using bytecode reflection optimizer
2023-08-23T12:12:58.126Z  INFO DESKTOP-JQ22B4E 10764 --- [main] o.h.b.i.BytecodeProviderInitiator        : HHH000021: Bytecode provider name : bytebuddy
2023-08-23T12:12:58.259Z  INFO DESKTOP-JQ22B4E 10764 --- [main] o.s.o.j.p.SpringPersistenceUnitInfo      : No LoadTimeWeaver setup: ignoring JPA class transformer
2023-08-23T12:12:58.458Z  INFO DESKTOP-JQ22B4E 10764 --- [main] o.h.b.i.BytecodeProviderInitiator        : HHH000021: Bytecode provider name : bytebuddy
2023-08-23T12:12:59.047Z  INFO DESKTOP-JQ22B4E 10764 --- [main] o.h.e.t.j.p.i.JtaPlatformInitiator       : HHH000490: Using JtaPlatform implementation: [org.hibernate.engine.transaction.jta.platform.internal.NoJtaPlatform]
2023-08-23T12:12:59.051Z  INFO DESKTOP-JQ22B4E 10764 --- [main] j.LocalContainerEntityManagerFactoryBean : Initialized JPA EntityManagerFactory for persistence unit 'default'
2023-08-23T12:12:59.343Z  WARN DESKTOP-JQ22B4E 10764 --- [main] JpaBaseConfiguration$JpaWebConfiguration : spring.jpa.open-in-view is enabled by default. Therefore, database queries may be performed during view rendering. Explicitly configure spring.jpa.open-in-view to disable this warning
2023-08-23T12:12:59.497Z  INFO DESKTOP-JQ22B4E 10764 --- [main] o.s.b.a.w.s.WelcomePageHandlerMapping    : Adding welcome page: class path resource [static/index.html]
2023-08-23T12:12:59.676Z  WARN DESKTOP-JQ22B4E 10764 --- [main] ConfigServletWebServerApplicationContext : Exception encountered during context initialization - cancelling refresh attempt: org.springframework.context.ApplicationContextException: Failed to start bean 'webServerStartStop'
2023-08-23T12:12:59.677Z  INFO DESKTOP-JQ22B4E 10764 --- [main] j.LocalContainerEntityManagerFactoryBean : Closing JPA EntityManagerFactory for persistence unit 'default'
2023-08-23T12:12:59.679Z  INFO DESKTOP-JQ22B4E 10764 --- [main] com.zaxxer.hikari.HikariDataSource       : HikariPool-1 - Shutdown initiated...
2023-08-23T12:12:59.682Z  INFO DESKTOP-JQ22B4E 10764 --- [main] com.zaxxer.hikari.HikariDataSource       : HikariPool-1 - Shutdown completed.
2023-08-23T12:12:59.684Z  INFO DESKTOP-JQ22B4E 10764 --- [main] o.apache.catalina.core.StandardService   : Stopping service [Tomcat]
2023-08-23T12:12:59.695Z  INFO DESKTOP-JQ22B4E 10764 --- [main] .s.b.a.l.ConditionEvaluationReportLogger : 

Error starting ApplicationContext. To display the condition evaluation report re-run your application with 'debug' enabled.
2023-08-23T12:12:59.719Z ERROR DESKTOP-JQ22B4E 10764 --- [main] o.s.b.d.LoggingFailureAnalysisReporter   : 

***************************
APPLICATION FAILED TO START
***************************

Description:

Web server failed to start. Port 9090 was already in use.

Action:

Identify and stop the process that's listening on port 9090 or configure this application to listen on another port.

2023-08-23T12:14:07.523Z  INFO DESKTOP-JQ22B4E 14584 --- [main] org.example.Application                  : Starting Application v0.0.1-SNAPSHOT using Java 19.0.2 with PID 14584 (C:\IntelliJ IDEA Community Edition 2023.2\Workspace\LoggingDetails\target\news-0.0.1-SNAPSHOT.jar started by fatima.noor in C:\IntelliJ IDEA Community Edition 2023.2\Workspace\LoggingDetails\target)
2023-08-23T12:14:07.525Z  INFO DESKTOP-JQ22B4E 14584 --- [main] org.example.Application                  : No active profile set, falling back to 1 default profile: "default"
2023-08-23T12:14:08.230Z  INFO DESKTOP-JQ22B4E 14584 --- [main] .s.d.r.c.RepositoryConfigurationDelegate : Bootstrapping Spring Data JPA repositories in DEFAULT mode.
2023-08-23T12:14:08.291Z  INFO DESKTOP-JQ22B4E 14584 --- [main] .s.d.r.c.RepositoryConfigurationDelegate : Finished Spring Data repository scanning in 53 ms. Found 1 JPA repository interfaces.
2023-08-23T12:14:08.968Z  INFO DESKTOP-JQ22B4E 14584 --- [main] o.s.b.w.embedded.tomcat.TomcatWebServer  : Tomcat initialized with port(s): 9090 (http)
2023-08-23T12:14:08.980Z  INFO DESKTOP-JQ22B4E 14584 --- [main] o.apache.catalina.core.StandardService   : Starting service [Tomcat]
2023-08-23T12:14:08.980Z  INFO DESKTOP-JQ22B4E 14584 --- [main] o.apache.catalina.core.StandardEngine    : Starting Servlet engine: [Apache Tomcat/10.1.11]
2023-08-23T12:14:09.063Z  INFO DESKTOP-JQ22B4E 14584 --- [main] o.a.c.c.C.[Tomcat].[localhost].[/]       : Initializing Spring embedded WebApplicationContext
2023-08-23T12:14:09.064Z  INFO DESKTOP-JQ22B4E 14584 --- [main] w.s.c.ServletWebServerApplicationContext : Root WebApplicationContext: initialization completed in 1483 ms
2023-08-23T12:14:09.097Z  INFO DESKTOP-JQ22B4E 14584 --- [main] com.zaxxer.hikari.HikariDataSource       : HikariPool-1 - Starting...
2023-08-23T12:14:09.309Z  INFO DESKTOP-JQ22B4E 14584 --- [main] com.zaxxer.hikari.pool.HikariPool        : HikariPool-1 - Added connection conn0: url=jdbc:h2:mem:a1846541-767d-4124-bca9-cbb50e40ef0f user=SA
2023-08-23T12:14:09.311Z  INFO DESKTOP-JQ22B4E 14584 --- [main] com.zaxxer.hikari.HikariDataSource       : HikariPool-1 - Start completed.
2023-08-23T12:14:09.321Z  INFO DESKTOP-JQ22B4E 14584 --- [main] o.s.b.a.h2.H2ConsoleAutoConfiguration    : H2 console available at '/h2-console'. Database available at 'jdbc:h2:mem:a1846541-767d-4124-bca9-cbb50e40ef0f'
2023-08-23T12:14:09.509Z  INFO DESKTOP-JQ22B4E 14584 --- [main] liquibase.database                       : Set default schema name to PUBLIC
2023-08-23T12:14:09.904Z  INFO DESKTOP-JQ22B4E 14584 --- [main] liquibase.executor                       : Changelog query completed.
2023-08-23T12:14:09.909Z  INFO DESKTOP-JQ22B4E 14584 --- [main] liquibase.executor                       : Changelog query completed.
2023-08-23T12:14:09.914Z  INFO DESKTOP-JQ22B4E 14584 --- [main] liquibase.executor                       : Changelog query completed.
2023-08-23T12:14:09.917Z  INFO DESKTOP-JQ22B4E 14584 --- [main] liquibase.executor                       : Changelog query completed.
2023-08-23T12:14:09.932Z  INFO DESKTOP-JQ22B4E 14584 --- [main] liquibase.executor                       : Changelog query completed.
2023-08-23T12:14:09.933Z  INFO DESKTOP-JQ22B4E 14584 --- [main] liquibase.lockservice                    : Successfully acquired change log lock
2023-08-23T12:14:09.949Z  INFO DESKTOP-JQ22B4E 14584 --- [main] liquibase.changelog                      : Creating database history table with name: PUBLIC.DATABASECHANGELOG
2023-08-23T12:14:09.953Z  INFO DESKTOP-JQ22B4E 14584 --- [main] liquibase.executor                       : Changelog query completed.
2023-08-23T12:14:09.954Z  INFO DESKTOP-JQ22B4E 14584 --- [main] liquibase.changelog                      : Reading from PUBLIC.DATABASECHANGELOG
2023-08-23T12:14:09.958Z  INFO DESKTOP-JQ22B4E 14584 --- [main] liquibase.executor                       : Changelog query completed.
2023-08-23T12:14:09.960Z  INFO DESKTOP-JQ22B4E 14584 --- [main] liquibase.executor                       : Changelog query completed.
2023-08-23T12:14:10.011Z  INFO DESKTOP-JQ22B4E 14584 --- [main] liquibase.changelog                      : Table news created
2023-08-23T12:14:10.014Z  INFO DESKTOP-JQ22B4E 14584 --- [main] liquibase.changelog                      : Primary key added to news (id)
2023-08-23T12:14:10.015Z  INFO DESKTOP-JQ22B4E 14584 --- [main] liquibase.changelog                      : ChangeSet db/changelog/db.changelog-schema-0.0.1.yaml::schema-0.0.1::news team ran successfully in 9ms
2023-08-23T12:14:10.018Z  INFO DESKTOP-JQ22B4E 14584 --- [main] liquibase.executor                       : Changelog query completed.
2023-08-23T12:14:10.022Z  INFO DESKTOP-JQ22B4E 14584 --- [main] liquibase.executor                       : Changelog query completed.
2023-08-23T12:14:10.025Z  INFO DESKTOP-JQ22B4E 14584 --- [main] liquibase.changelog                      : New row inserted into news
2023-08-23T12:14:10.028Z  INFO DESKTOP-JQ22B4E 14584 --- [main] liquibase.changelog                      : New row inserted into news
2023-08-23T12:14:10.029Z  INFO DESKTOP-JQ22B4E 14584 --- [main] liquibase.changelog                      : ChangeSet db/changelog/db.changelog-data-0.0.1.yaml::data-0.0.1::news team ran successfully in 6ms
2023-08-23T12:14:10.031Z  INFO DESKTOP-JQ22B4E 14584 --- [main] liquibase.executor                       : Changelog query completed.
2023-08-23T12:14:10.033Z  INFO DESKTOP-JQ22B4E 14584 --- [main] liquibase                                : Update command completed successfully.
2023-08-23T12:14:10.036Z  INFO DESKTOP-JQ22B4E 14584 --- [main] liquibase.executor                       : Changelog query completed.
2023-08-23T12:14:10.037Z  INFO DESKTOP-JQ22B4E 14584 --- [main] liquibase.lockservice                    : Successfully released change log lock
2023-08-23T12:14:10.128Z  INFO DESKTOP-JQ22B4E 14584 --- [main] o.hibernate.jpa.internal.util.LogHelper  : HHH000204: Processing PersistenceUnitInfo [name: default]
2023-08-23T12:14:10.188Z  INFO DESKTOP-JQ22B4E 14584 --- [main] org.hibernate.Version                    : HHH000412: Hibernate ORM core version 6.2.6.Final
2023-08-23T12:14:10.191Z  INFO DESKTOP-JQ22B4E 14584 --- [main] org.hibernate.cfg.Environment            : HHH000406: Using bytecode reflection optimizer
2023-08-23T12:14:10.334Z  INFO DESKTOP-JQ22B4E 14584 --- [main] o.h.b.i.BytecodeProviderInitiator        : HHH000021: Bytecode provider name : bytebuddy
2023-08-23T12:14:10.466Z  INFO DESKTOP-JQ22B4E 14584 --- [main] o.s.o.j.p.SpringPersistenceUnitInfo      : No LoadTimeWeaver setup: ignoring JPA class transformer
2023-08-23T12:14:10.762Z  INFO DESKTOP-JQ22B4E 14584 --- [main] o.h.b.i.BytecodeProviderInitiator        : HHH000021: Bytecode provider name : bytebuddy
2023-08-23T12:14:11.412Z  INFO DESKTOP-JQ22B4E 14584 --- [main] o.h.e.t.j.p.i.JtaPlatformInitiator       : HHH000490: Using JtaPlatform implementation: [org.hibernate.engine.transaction.jta.platform.internal.NoJtaPlatform]
2023-08-23T12:14:11.415Z  INFO DESKTOP-JQ22B4E 14584 --- [main] j.LocalContainerEntityManagerFactoryBean : Initialized JPA EntityManagerFactory for persistence unit 'default'
2023-08-23T12:14:11.758Z  WARN DESKTOP-JQ22B4E 14584 --- [main] JpaBaseConfiguration$JpaWebConfiguration : spring.jpa.open-in-view is enabled by default. Therefore, database queries may be performed during view rendering. Explicitly configure spring.jpa.open-in-view to disable this warning
2023-08-23T12:14:11.917Z  INFO DESKTOP-JQ22B4E 14584 --- [main] o.s.b.a.w.s.WelcomePageHandlerMapping    : Adding welcome page: class path resource [static/index.html]
2023-08-23T12:14:12.094Z  INFO DESKTOP-JQ22B4E 14584 --- [main] o.s.b.w.embedded.tomcat.TomcatWebServer  : Tomcat started on port(s): 9090 (http) with context path ''
2023-08-23T12:14:12.111Z  INFO DESKTOP-JQ22B4E 14584 --- [main] org.example.Application                  : Started Application in 5.171 seconds (process running for 5.653)
2023-08-23T12:18:31.786Z  INFO DESKTOP-JQ22B4E 14584 --- [SpringApplicationShutdownHook] j.LocalContainerEntityManagerFactoryBean : Closing JPA EntityManagerFactory for persistence unit 'default'
2023-08-23T12:18:31.792Z  INFO DESKTOP-JQ22B4E 14584 --- [SpringApplicationShutdownHook] com.zaxxer.hikari.HikariDataSource       : HikariPool-1 - Shutdown initiated...
2023-08-23T12:18:31.794Z  INFO DESKTOP-JQ22B4E 14584 --- [SpringApplicationShutdownHook] com.zaxxer.hikari.HikariDataSource       : HikariPool-1 - Shutdown completed.
2023-08-23T12:21:45.174Z  INFO DESKTOP-JQ22B4E 5224 --- [main] org.example.Application                  : Starting Application v0.0.1-SNAPSHOT using Java 19.0.2 with PID 5224 (C:\IntelliJ IDEA Community Edition 2023.2\Workspace\LoggingDetails\target\news-0.0.1-SNAPSHOT.jar started by fatima.noor in C:\IntelliJ IDEA Community Edition 2023.2\Workspace\LoggingDetails\target)
2023-08-23T12:21:45.176Z  INFO DESKTOP-JQ22B4E 5224 --- [main] org.example.Application                  : No active profile set, falling back to 1 default profile: "default"
2023-08-23T12:21:45.879Z  INFO DESKTOP-JQ22B4E 5224 --- [main] .s.d.r.c.RepositoryConfigurationDelegate : Bootstrapping Spring Data JPA repositories in DEFAULT mode.
2023-08-23T12:21:45.940Z  INFO DESKTOP-JQ22B4E 5224 --- [main] .s.d.r.c.RepositoryConfigurationDelegate : Finished Spring Data repository scanning in 52 ms. Found 1 JPA repository interfaces.
2023-08-23T12:21:46.581Z  INFO DESKTOP-JQ22B4E 5224 --- [main] o.s.b.w.embedded.tomcat.TomcatWebServer  : Tomcat initialized with port(s): 9090 (http)
2023-08-23T12:21:46.592Z  INFO DESKTOP-JQ22B4E 5224 --- [main] o.apache.catalina.core.StandardService   : Starting service [Tomcat]
2023-08-23T12:21:46.592Z  INFO DESKTOP-JQ22B4E 5224 --- [main] o.apache.catalina.core.StandardEngine    : Starting Servlet engine: [Apache Tomcat/10.1.11]
2023-08-23T12:21:46.668Z  INFO DESKTOP-JQ22B4E 5224 --- [main] o.a.c.c.C.[Tomcat].[localhost].[/]       : Initializing Spring embedded WebApplicationContext
2023-08-23T12:21:46.668Z  INFO DESKTOP-JQ22B4E 5224 --- [main] w.s.c.ServletWebServerApplicationContext : Root WebApplicationContext: initialization completed in 1432 ms
2023-08-23T12:21:46.711Z  INFO DESKTOP-JQ22B4E 5224 --- [main] com.zaxxer.hikari.HikariDataSource       : HikariPool-1 - Starting...
2023-08-23T12:21:46.943Z  INFO DESKTOP-JQ22B4E 5224 --- [main] com.zaxxer.hikari.pool.HikariPool        : HikariPool-1 - Added connection conn0: url=jdbc:h2:mem:8fd3f3f9-ccef-40f9-b5c8-f2d6b1544f40 user=SA
2023-08-23T12:21:46.945Z  INFO DESKTOP-JQ22B4E 5224 --- [main] com.zaxxer.hikari.HikariDataSource       : HikariPool-1 - Start completed.
2023-08-23T12:21:46.955Z  INFO DESKTOP-JQ22B4E 5224 --- [main] o.s.b.a.h2.H2ConsoleAutoConfiguration    : H2 console available at '/h2-console'. Database available at 'jdbc:h2:mem:8fd3f3f9-ccef-40f9-b5c8-f2d6b1544f40'
2023-08-23T12:21:47.137Z  INFO DESKTOP-JQ22B4E 5224 --- [main] liquibase.database                       : Set default schema name to PUBLIC
2023-08-23T12:21:47.538Z  INFO DESKTOP-JQ22B4E 5224 --- [main] liquibase.executor                       : Changelog query completed.
2023-08-23T12:21:47.543Z  INFO DESKTOP-JQ22B4E 5224 --- [main] liquibase.executor                       : Changelog query completed.
2023-08-23T12:21:47.548Z  INFO DESKTOP-JQ22B4E 5224 --- [main] liquibase.executor                       : Changelog query completed.
2023-08-23T12:21:47.551Z  INFO DESKTOP-JQ22B4E 5224 --- [main] liquibase.executor                       : Changelog query completed.
2023-08-23T12:21:47.564Z  INFO DESKTOP-JQ22B4E 5224 --- [main] liquibase.executor                       : Changelog query completed.
2023-08-23T12:21:47.565Z  INFO DESKTOP-JQ22B4E 5224 --- [main] liquibase.lockservice                    : Successfully acquired change log lock
2023-08-23T12:21:47.582Z  INFO DESKTOP-JQ22B4E 5224 --- [main] liquibase.changelog                      : Creating database history table with name: PUBLIC.DATABASECHANGELOG
2023-08-23T12:21:47.587Z  INFO DESKTOP-JQ22B4E 5224 --- [main] liquibase.executor                       : Changelog query completed.
2023-08-23T12:21:47.588Z  INFO DESKTOP-JQ22B4E 5224 --- [main] liquibase.changelog                      : Reading from PUBLIC.DATABASECHANGELOG
2023-08-23T12:21:47.591Z  INFO DESKTOP-JQ22B4E 5224 --- [main] liquibase.executor                       : Changelog query completed.
2023-08-23T12:21:47.593Z  INFO DESKTOP-JQ22B4E 5224 --- [main] liquibase.executor                       : Changelog query completed.
2023-08-23T12:21:47.639Z  INFO DESKTOP-JQ22B4E 5224 --- [main] liquibase.changelog                      : Table news created
2023-08-23T12:21:47.642Z  INFO DESKTOP-JQ22B4E 5224 --- [main] liquibase.changelog                      : Primary key added to news (id)
2023-08-23T12:21:47.643Z  INFO DESKTOP-JQ22B4E 5224 --- [main] liquibase.changelog                      : ChangeSet db/changelog/db.changelog-schema-0.0.1.yaml::schema-0.0.1::news team ran successfully in 7ms
2023-08-23T12:21:47.647Z  INFO DESKTOP-JQ22B4E 5224 --- [main] liquibase.executor                       : Changelog query completed.
2023-08-23T12:21:47.649Z  INFO DESKTOP-JQ22B4E 5224 --- [main] liquibase.executor                       : Changelog query completed.
2023-08-23T12:21:47.652Z  INFO DESKTOP-JQ22B4E 5224 --- [main] liquibase.changelog                      : New row inserted into news
2023-08-23T12:21:47.655Z  INFO DESKTOP-JQ22B4E 5224 --- [main] liquibase.changelog                      : New row inserted into news
2023-08-23T12:21:47.656Z  INFO DESKTOP-JQ22B4E 5224 --- [main] liquibase.changelog                      : ChangeSet db/changelog/db.changelog-data-0.0.1.yaml::data-0.0.1::news team ran successfully in 5ms
2023-08-23T12:21:47.659Z  INFO DESKTOP-JQ22B4E 5224 --- [main] liquibase.executor                       : Changelog query completed.
2023-08-23T12:21:47.661Z  INFO DESKTOP-JQ22B4E 5224 --- [main] liquibase                                : Update command completed successfully.
2023-08-23T12:21:47.664Z  INFO DESKTOP-JQ22B4E 5224 --- [main] liquibase.executor                       : Changelog query completed.
2023-08-23T12:21:47.665Z  INFO DESKTOP-JQ22B4E 5224 --- [main] liquibase.lockservice                    : Successfully released change log lock
2023-08-23T12:21:47.745Z  INFO DESKTOP-JQ22B4E 5224 --- [main] o.hibernate.jpa.internal.util.LogHelper  : HHH000204: Processing PersistenceUnitInfo [name: default]
2023-08-23T12:21:47.804Z  INFO DESKTOP-JQ22B4E 5224 --- [main] org.hibernate.Version                    : HHH000412: Hibernate ORM core version 6.2.6.Final
2023-08-23T12:21:47.807Z  INFO DESKTOP-JQ22B4E 5224 --- [main] org.hibernate.cfg.Environment            : HHH000406: Using bytecode reflection optimizer
2023-08-23T12:21:47.952Z  INFO DESKTOP-JQ22B4E 5224 --- [main] o.h.b.i.BytecodeProviderInitiator        : HHH000021: Bytecode provider name : bytebuddy
2023-08-23T12:21:48.097Z  INFO DESKTOP-JQ22B4E 5224 --- [main] o.s.o.j.p.SpringPersistenceUnitInfo      : No LoadTimeWeaver setup: ignoring JPA class transformer
2023-08-23T12:21:48.312Z  INFO DESKTOP-JQ22B4E 5224 --- [main] o.h.b.i.BytecodeProviderInitiator        : HHH000021: Bytecode provider name : bytebuddy
2023-08-23T12:21:48.888Z  INFO DESKTOP-JQ22B4E 5224 --- [main] o.h.e.t.j.p.i.JtaPlatformInitiator       : HHH000490: Using JtaPlatform implementation: [org.hibernate.engine.transaction.jta.platform.internal.NoJtaPlatform]
2023-08-23T12:21:48.891Z  INFO DESKTOP-JQ22B4E 5224 --- [main] j.LocalContainerEntityManagerFactoryBean : Initialized JPA EntityManagerFactory for persistence unit 'default'
2023-08-23T12:21:49.195Z  WARN DESKTOP-JQ22B4E 5224 --- [main] JpaBaseConfiguration$JpaWebConfiguration : spring.jpa.open-in-view is enabled by default. Therefore, database queries may be performed during view rendering. Explicitly configure spring.jpa.open-in-view to disable this warning
2023-08-23T12:21:49.353Z  INFO DESKTOP-JQ22B4E 5224 --- [main] o.s.b.a.w.s.WelcomePageHandlerMapping    : Adding welcome page: class path resource [static/index.html]
2023-08-23T12:21:49.570Z  INFO DESKTOP-JQ22B4E 5224 --- [main] o.s.b.w.embedded.tomcat.TomcatWebServer  : Tomcat started on port(s): 9090 (http) with context path ''
2023-08-23T12:21:49.593Z  INFO DESKTOP-JQ22B4E 5224 --- [main] org.example.Application                  : Started Application in 5.006 seconds (process running for 5.501)
2023-08-23T12:22:47.136Z  INFO DESKTOP-JQ22B4E 5224 --- [SpringApplicationShutdownHook] j.LocalContainerEntityManagerFactoryBean : Closing JPA EntityManagerFactory for persistence unit 'default'
2023-08-23T12:22:47.139Z  INFO DESKTOP-JQ22B4E 5224 --- [SpringApplicationShutdownHook] com.zaxxer.hikari.HikariDataSource       : HikariPool-1 - Shutdown initiated...
2023-08-23T12:22:47.144Z  INFO DESKTOP-JQ22B4E 5224 --- [SpringApplicationShutdownHook] com.zaxxer.hikari.HikariDataSource       : HikariPool-1 - Shutdown completed.
2023-08-23T12:23:55.729Z  INFO DESKTOP-JQ22B4E 16688 --- [main] org.example.Application                  : Starting Application v0.0.1-SNAPSHOT using Java 19.0.2 with PID 16688 (C:\IntelliJ IDEA Community Edition 2023.2\Workspace\LoggingDetails\target\news-0.0.1-SNAPSHOT.jar started by fatima.noor in C:\IntelliJ IDEA Community Edition 2023.2\Workspace\LoggingDetails\target)
2023-08-23T12:23:55.732Z  INFO DESKTOP-JQ22B4E 16688 --- [main] org.example.Application                  : No active profile set, falling back to 1 default profile: "default"
2023-08-23T12:23:56.603Z  INFO DESKTOP-JQ22B4E 16688 --- [main] .s.d.r.c.RepositoryConfigurationDelegate : Bootstrapping Spring Data JPA repositories in DEFAULT mode.
2023-08-23T12:23:56.673Z  INFO DESKTOP-JQ22B4E 16688 --- [main] .s.d.r.c.RepositoryConfigurationDelegate : Finished Spring Data repository scanning in 58 ms. Found 1 JPA repository interfaces.
2023-08-23T12:23:57.410Z  INFO DESKTOP-JQ22B4E 16688 --- [main] o.s.b.w.embedded.tomcat.TomcatWebServer  : Tomcat initialized with port(s): 9090 (http)
2023-08-23T12:23:57.422Z  INFO DESKTOP-JQ22B4E 16688 --- [main] o.apache.catalina.core.StandardService   : Starting service [Tomcat]
2023-08-23T12:23:57.422Z  INFO DESKTOP-JQ22B4E 16688 --- [main] o.apache.catalina.core.StandardEngine    : Starting Servlet engine: [Apache Tomcat/10.1.11]
2023-08-23T12:23:57.532Z  INFO DESKTOP-JQ22B4E 16688 --- [main] o.a.c.c.C.[Tomcat].[localhost].[/]       : Initializing Spring embedded WebApplicationContext
2023-08-23T12:23:57.534Z  INFO DESKTOP-JQ22B4E 16688 --- [main] w.s.c.ServletWebServerApplicationContext : Root WebApplicationContext: initialization completed in 1733 ms
2023-08-23T12:23:57.587Z  INFO DESKTOP-JQ22B4E 16688 --- [main] com.zaxxer.hikari.HikariDataSource       : HikariPool-1 - Starting...
2023-08-23T12:23:57.848Z  INFO DESKTOP-JQ22B4E 16688 --- [main] com.zaxxer.hikari.pool.HikariPool        : HikariPool-1 - Added connection conn0: url=jdbc:h2:mem:58c31fc8-9cd1-4390-b369-1c96b2956933 user=SA
2023-08-23T12:23:57.850Z  INFO DESKTOP-JQ22B4E 16688 --- [main] com.zaxxer.hikari.HikariDataSource       : HikariPool-1 - Start completed.
2023-08-23T12:23:57.865Z  INFO DESKTOP-JQ22B4E 16688 --- [main] o.s.b.a.h2.H2ConsoleAutoConfiguration    : H2 console available at '/h2-console'. Database available at 'jdbc:h2:mem:58c31fc8-9cd1-4390-b369-1c96b2956933'
2023-08-23T12:23:58.095Z  INFO DESKTOP-JQ22B4E 16688 --- [main] liquibase.database                       : Set default schema name to PUBLIC
2023-08-23T12:23:58.605Z  INFO DESKTOP-JQ22B4E 16688 --- [main] liquibase.executor                       : Changelog query completed.
2023-08-23T12:23:58.614Z  INFO DESKTOP-JQ22B4E 16688 --- [main] liquibase.executor                       : Changelog query completed.
2023-08-23T12:23:58.619Z  INFO DESKTOP-JQ22B4E 16688 --- [main] liquibase.executor                       : Changelog query completed.
2023-08-23T12:23:58.624Z  INFO DESKTOP-JQ22B4E 16688 --- [main] liquibase.executor                       : Changelog query completed.
2023-08-23T12:23:58.633Z  INFO DESKTOP-JQ22B4E 16688 --- [main] liquibase.executor                       : Changelog query completed.
2023-08-23T12:23:58.634Z  INFO DESKTOP-JQ22B4E 16688 --- [main] liquibase.lockservice                    : Successfully acquired change log lock
2023-08-23T12:23:58.665Z  INFO DESKTOP-JQ22B4E 16688 --- [main] liquibase.changelog                      : Creating database history table with name: PUBLIC.DATABASECHANGELOG
2023-08-23T12:23:58.671Z  INFO DESKTOP-JQ22B4E 16688 --- [main] liquibase.executor                       : Changelog query completed.
2023-08-23T12:23:58.672Z  INFO DESKTOP-JQ22B4E 16688 --- [main] liquibase.changelog                      : Reading from PUBLIC.DATABASECHANGELOG
2023-08-23T12:23:58.677Z  INFO DESKTOP-JQ22B4E 16688 --- [main] liquibase.executor                       : Changelog query completed.
2023-08-23T12:23:58.679Z  INFO DESKTOP-JQ22B4E 16688 --- [main] liquibase.executor                       : Changelog query completed.
2023-08-23T12:23:58.732Z  INFO DESKTOP-JQ22B4E 16688 --- [main] liquibase.changelog                      : Table news created
2023-08-23T12:23:58.734Z  INFO DESKTOP-JQ22B4E 16688 --- [main] liquibase.changelog                      : Primary key added to news (id)
2023-08-23T12:23:58.735Z  INFO DESKTOP-JQ22B4E 16688 --- [main] liquibase.changelog                      : ChangeSet db/changelog/db.changelog-schema-0.0.1.yaml::schema-0.0.1::news team ran successfully in 8ms
2023-08-23T12:23:58.741Z  INFO DESKTOP-JQ22B4E 16688 --- [main] liquibase.executor                       : Changelog query completed.
2023-08-23T12:23:58.746Z  INFO DESKTOP-JQ22B4E 16688 --- [main] liquibase.executor                       : Changelog query completed.
2023-08-23T12:23:58.749Z  INFO DESKTOP-JQ22B4E 16688 --- [main] liquibase.changelog                      : New row inserted into news
2023-08-23T12:23:58.751Z  INFO DESKTOP-JQ22B4E 16688 --- [main] liquibase.changelog                      : New row inserted into news
2023-08-23T12:23:58.753Z  INFO DESKTOP-JQ22B4E 16688 --- [main] liquibase.changelog                      : ChangeSet db/changelog/db.changelog-data-0.0.1.yaml::data-0.0.1::news team ran successfully in 5ms
2023-08-23T12:23:58.756Z  INFO DESKTOP-JQ22B4E 16688 --- [main] liquibase.executor                       : Changelog query completed.
2023-08-23T12:23:58.763Z  INFO DESKTOP-JQ22B4E 16688 --- [main] liquibase                                : Update command completed successfully.
2023-08-23T12:23:58.765Z  INFO DESKTOP-JQ22B4E 16688 --- [main] liquibase.executor                       : Changelog query completed.
2023-08-23T12:23:58.766Z  INFO DESKTOP-JQ22B4E 16688 --- [main] liquibase.lockservice                    : Successfully released change log lock
2023-08-23T12:23:58.869Z  INFO DESKTOP-JQ22B4E 16688 --- [main] o.hibernate.jpa.internal.util.LogHelper  : HHH000204: Processing PersistenceUnitInfo [name: default]
2023-08-23T12:23:58.956Z  INFO DESKTOP-JQ22B4E 16688 --- [main] org.hibernate.Version                    : HHH000412: Hibernate ORM core version 6.2.6.Final
2023-08-23T12:23:58.964Z  INFO DESKTOP-JQ22B4E 16688 --- [main] org.hibernate.cfg.Environment            : HHH000406: Using bytecode reflection optimizer
2023-08-23T12:23:59.116Z  INFO DESKTOP-JQ22B4E 16688 --- [main] o.h.b.i.BytecodeProviderInitiator        : HHH000021: Bytecode provider name : bytebuddy
2023-08-23T12:23:59.260Z  INFO DESKTOP-JQ22B4E 16688 --- [main] o.s.o.j.p.SpringPersistenceUnitInfo      : No LoadTimeWeaver setup: ignoring JPA class transformer
2023-08-23T12:23:59.504Z  INFO DESKTOP-JQ22B4E 16688 --- [main] o.h.b.i.BytecodeProviderInitiator        : HHH000021: Bytecode provider name : bytebuddy
2023-08-23T12:24:00.175Z  INFO DESKTOP-JQ22B4E 16688 --- [main] o.h.e.t.j.p.i.JtaPlatformInitiator       : HHH000490: Using JtaPlatform implementation: [org.hibernate.engine.transaction.jta.platform.internal.NoJtaPlatform]
2023-08-23T12:24:00.179Z  INFO DESKTOP-JQ22B4E 16688 --- [main] j.LocalContainerEntityManagerFactoryBean : Initialized JPA EntityManagerFactory for persistence unit 'default'
2023-08-23T12:24:00.543Z  WARN DESKTOP-JQ22B4E 16688 --- [main] JpaBaseConfiguration$JpaWebConfiguration : spring.jpa.open-in-view is enabled by default. Therefore, database queries may be performed during view rendering. Explicitly configure spring.jpa.open-in-view to disable this warning
2023-08-23T12:24:00.730Z  INFO DESKTOP-JQ22B4E 16688 --- [main] o.s.b.a.w.s.WelcomePageHandlerMapping    : Adding welcome page: class path resource [static/index.html]
2023-08-23T12:24:00.972Z  INFO DESKTOP-JQ22B4E 16688 --- [main] o.s.b.w.embedded.tomcat.TomcatWebServer  : Tomcat started on port(s): 9090 (http) with context path ''
2023-08-23T12:24:01.002Z  INFO DESKTOP-JQ22B4E 16688 --- [main] org.example.Application                  : Started Application in 5.912 seconds (process running for 6.464)
2023-08-23T12:26:31.713Z  INFO DESKTOP-JQ22B4E 16688 --- [SpringApplicationShutdownHook] j.LocalContainerEntityManagerFactoryBean : Closing JPA EntityManagerFactory for persistence unit 'default'
2023-08-23T12:26:31.716Z  INFO DESKTOP-JQ22B4E 16688 --- [SpringApplicationShutdownHook] com.zaxxer.hikari.HikariDataSource       : HikariPool-1 - Shutdown initiated...
2023-08-23T12:26:31.718Z  INFO DESKTOP-JQ22B4E 16688 --- [SpringApplicationShutdownHook] com.zaxxer.hikari.HikariDataSource       : HikariPool-1 - Shutdown completed.
